# JRE version: Java(TM) SE Runtime Environment (8.0_191-b12) (build 1.8.0_191-b12)
# Java VM: Java HotSpot(TM) 64-Bit Server VM (25.191-b12 mixed mode bsd-amd64 compressed oops)
Heap:
 PSYoungGen      total 97792K, used 44779K [0x000000076ab00000, 0x0000000776200000, 0x00000007c0000000)
  eden space 97280K, 45% used [0x000000076ab00000,0x000000076d69af38,0x0000000770a00000)
  from space 512K, 25% used [0x0000000776180000,0x00000007761a0000,0x0000000776200000)
  to   space 1024K, 0% used [0x0000000776000000,0x0000000776000000,0x0000000776100000)
 ParOldGen       total 2426368K, used 2098276K [0x00000006c0000000, 0x0000000754180000, 0x000000076ab00000)
  object space 2426368K, 86% used [0x00000006c0000000,0x0000000740119388,0x0000000754180000)
 Metaspace       used 5598K, capacity 5786K, committed 5888K, reserved 1056768K
  class space    used 615K, capacity 697K, committed 768K, reserved 1048576K
GC Heap History (10 events):
Event: 39.914 GC heap before
{Heap before GC invocations=7 (full 1):
 PSYoungGen      total 122880K, used 112256K [0x000000076ab00000, 0x0000000776480000, 0x00000007c0000000)
  eden space 112128K, 100% used [0x000000076ab00000,0x0000000771880000,0x0000000771880000)
  from space 10752K, 1% used [0x0000000771880000,0x00000007718a0000,0x0000000772300000)
  to   space 1536K, 0% used [0x0000000776300000,0x0000000776300000,0x0000000776480000)
 ParOldGen       total 2426368K, used 2098204K [0x00000006c0000000, 0x0000000754180000, 0x000000076ab00000)
  object space 2426368K, 86% used [0x00000006c0000000,0x0000000740107388,0x0000000754180000)
 Metaspace       used 5588K, capacity 5786K, committed 5888K, reserved 1056768K
  class space    used 615K, capacity 697K, committed 768K, reserved 1048576K
Event: 39.937 GC heap after
Heap after GC invocations=7 (full 1):
 PSYoungGen      total 109568K, used 160K [0x000000076ab00000, 0x0000000776380000, 0x00000007c0000000)
  eden space 109056K, 0% used [0x000000076ab00000,0x000000076ab00000,0x0000000771580000)
  from space 512K, 31% used [0x0000000776300000,0x0000000776328000,0x0000000776380000)
  to   space 1536K, 0% used [0x0000000776080000,0x0000000776080000,0x0000000776200000)
 ParOldGen       total 2426368K, used 2098212K [0x00000006c0000000, 0x0000000754180000, 0x000000076ab00000)
  object space 2426368K, 86% used [0x00000006c0000000,0x0000000740109388,0x0000000754180000)
 Metaspace       used 5588K, capacity 5786K, committed 5888K, reserved 1056768K
  class space    used 615K, capacity 697K, committed 768K, reserved 1048576K
}
Event: 55.670 GC heap before
{Heap before GC invocations=8 (full 1):
 PSYoungGen      total 109568K, used 109216K [0x000000076ab00000, 0x0000000776380000, 0x00000007c0000000)
  eden space 109056K, 100% used [0x000000076ab00000,0x0000000771580000,0x0000000771580000)
  from space 512K, 31% used [0x0000000776300000,0x0000000776328000,0x0000000776380000)
  to   space 1536K, 0% used [0x0000000776080000,0x0000000776080000,0x0000000776200000)
 ParOldGen       total 2426368K, used 2098212K [0x00000006c0000000, 0x0000000754180000, 0x000000076ab00000)
  object space 2426368K, 86% used [0x00000006c0000000,0x0000000740109388,0x0000000754180000)
 Metaspace       used 5590K, capacity 5786K, committed 5888K, reserved 1056768K
  class space    used 615K, capacity 697K, committed 768K, reserved 1048576K
Event: 55.695 GC heap after
Heap after GC invocations=8 (full 1):
 PSYoungGen      total 107520K, used 96K [0x000000076ab00000, 0x0000000776380000, 0x00000007c0000000)
  eden space 105984K, 0% used [0x000000076ab00000,0x000000076ab00000,0x0000000771280000)
  from space 1536K, 6% used [0x0000000776080000,0x0000000776098000,0x0000000776200000)
  to   space 1536K, 0% used [0x0000000776200000,0x0000000776200000,0x0000000776380000)
 ParOldGen       total 2426368K, used 2098236K [0x00000006c0000000, 0x0000000754180000, 0x000000076ab00000)
  object space 2426368K, 86% used [0x00000006c0000000,0x000000074010f388,0x0000000754180000)
 Metaspace       used 5590K, capacity 5786K, committed 5888K, reserved 1056768K
  class space    used 615K, capacity 697K, committed 768K, reserved 1048576K
}
Event: 75.009 GC heap before
{Heap before GC invocations=9 (full 1):
 PSYoungGen      total 107520K, used 106080K [0x000000076ab00000, 0x0000000776380000, 0x00000007c0000000)
  eden space 105984K, 100% used [0x000000076ab00000,0x0000000771280000,0x0000000771280000)
  from space 1536K, 6% used [0x0000000776080000,0x0000000776098000,0x0000000776200000)
  to   space 1536K, 0% used [0x0000000776200000,0x0000000776200000,0x0000000776380000)
 ParOldGen       total 2426368K, used 2098236K [0x00000006c0000000, 0x0000000754180000, 0x000000076ab00000)
  object space 2426368K, 86% used [0x00000006c0000000,0x000000074010f388,0x0000000754180000)
 Metaspace       used 5596K, capacity 5786K, committed 5888K, reserved 1056768K
  class space    used 615K, capacity 697K, committed 768K, reserved 1048576K
Event: 75.034 GC heap after
Heap after GC invocations=9 (full 1):
 PSYoungGen      total 103424K, used 160K [0x000000076ab00000, 0x0000000776280000, 0x00000007c0000000)
  eden space 102912K, 0% used [0x000000076ab00000,0x000000076ab00000,0x0000000770f80000)
  from space 512K, 31% used [0x0000000776200000,0x0000000776228000,0x0000000776280000)
  to   space 1024K, 0% used [0x0000000776080000,0x0000000776080000,0x0000000776180000)
 ParOldGen       total 2426368K, used 2098244K [0x00000006c0000000, 0x0000000754180000, 0x000000076ab00000)
  object space 2426368K, 86% used [0x00000006c0000000,0x0000000740111388,0x0000000754180000)
 Metaspace       used 5596K, capacity 5786K, committed 5888K, reserved 1056768K
  class space    used 615K, capacity 697K, committed 768K, reserved 1048576K
}
Event: 102.055 GC heap before
{Heap before GC invocations=10 (full 1):
 PSYoungGen      total 103424K, used 103072K [0x000000076ab00000, 0x0000000776280000, 0x00000007c0000000)
  eden space 102912K, 100% used [0x000000076ab00000,0x0000000770f80000,0x0000000770f80000)
  from space 512K, 31% used [0x0000000776200000,0x0000000776228000,0x0000000776280000)
  to   space 1024K, 0% used [0x0000000776080000,0x0000000776080000,0x0000000776180000)
 ParOldGen       total 2426368K, used 2098244K [0x00000006c0000000, 0x0000000754180000, 0x000000076ab00000)
  object space 2426368K, 86% used [0x00000006c0000000,0x0000000740111388,0x0000000754180000)
 Metaspace       used 5597K, capacity 5786K, committed 5888K, reserved 1056768K
  class space    used 615K, capacity 697K, committed 768K, reserved 1048576K
Event: 102.077 GC heap after
Heap after GC invocations=10 (full 1):
 PSYoungGen      total 100864K, used 192K [0x000000076ab00000, 0x0000000776280000, 0x00000007c0000000)
  eden space 99840K, 0% used [0x000000076ab00000,0x000000076ab00000,0x0000000770c80000)
  from space 1024K, 18% used [0x0000000776080000,0x00000007760b0000,0x0000000776180000)
  to   space 1024K, 0% used [0x0000000776180000,0x0000000776180000,0x0000000776280000)
 ParOldGen       total 2426368K, used 2098276K [0x00000006c0000000, 0x0000000754180000, 0x000000076ab00000)
  object space 2426368K, 86% used [0x00000006c0000000,0x0000000740119388,0x0000000754180000)
 Metaspace       used 5597K, capacity 5786K, committed 5888K, reserved 1056768K
  class space    used 615K, capacity 697K, committed 768K, reserved 1048576K
}
Event: 132.320 GC heap before
{Heap before GC invocations=11 (full 1):
 PSYoungGen      total 100864K, used 100032K [0x000000076ab00000, 0x0000000776280000, 0x00000007c0000000)
  eden space 99840K, 100% used [0x000000076ab00000,0x0000000770c80000,0x0000000770c80000)
  from space 1024K, 18% used [0x0000000776080000,0x00000007760b0000,0x0000000776180000)
  to   space 1024K, 0% used [0x0000000776180000,0x0000000776180000,0x0000000776280000)
 ParOldGen       total 2426368K, used 2098276K [0x00000006c0000000, 0x0000000754180000, 0x000000076ab00000)
  object space 2426368K, 86% used [0x00000006c0000000,0x0000000740119388,0x0000000754180000)
 Metaspace       used 5598K, capacity 5786K, committed 5888K, reserved 1056768K
  class space    used 615K, capacity 697K, committed 768K, reserved 1048576K
Event: 132.343 GC heap after
Heap after GC invocations=11 (full 1):
 PSYoungGen      total 97792K, used 128K [0x000000076ab00000, 0x0000000776200000, 0x00000007c0000000)
  eden space 97280K, 0% used [0x000000076ab00000,0x000000076ab00000,0x0000000770a00000)
  from space 512K, 25% used [0x0000000776180000,0x00000007761a0000,0x0000000776200000)
  to   space 1024K, 0% used [0x0000000776000000,0x0000000776000000,0x0000000776100000)
 ParOldGen       total 2426368K, used 2098276K [0x00000006c0000000, 0x0000000754180000, 0x000000076ab00000)
  object space 2426368K, 86% used [0x00000006c0000000,0x0000000740119388,0x0000000754180000)
 Metaspace       used 5598K, capacity 5786K, committed 5888K, reserved 1056768K
  class space    used 615K, capacity 697K, committed 768K, reserved 1048576K
}

